--- Copying files at Wed Nov 13 11:16:14 UTC 2019
INSTALLED plugins/ace-editor.jpi : 1.1
INSTALLED plugins/antisamy-markup-formatter.jpi : 1.6
INSTALLED plugins/apache-httpcomponents-client-4-api.jpi : 4.5.10-2.0
INSTALLED plugins/authentication-tokens.jpi : 1.3
INSTALLED plugins/blueocean-autofavorite.jpi : 1.2.4
INSTALLED plugins/blueocean-bitbucket-pipeline.jpi : 1.19.0
INSTALLED plugins/blueocean-commons.jpi : 1.19.0
INSTALLED plugins/blueocean-config.jpi : 1.19.0
INSTALLED plugins/blueocean-core-js.jpi : 1.19.0
INSTALLED plugins/blueocean-dashboard.jpi : 1.19.0
INSTALLED plugins/blueocean-display-url.jpi : 2.3.0
INSTALLED plugins/blueocean-events.jpi : 1.19.0
INSTALLED plugins/blueocean-git-pipeline.jpi : 1.19.0
INSTALLED plugins/blueocean-github-pipeline.jpi : 1.19.0
INSTALLED plugins/blueocean-i18n.jpi : 1.19.0
INSTALLED plugins/blueocean-jira.jpi : 1.19.0
INSTALLED plugins/blueocean-jwt.jpi : 1.19.0
INSTALLED plugins/blueocean-personalization.jpi : 1.19.0
INSTALLED plugins/blueocean-pipeline-api-impl.jpi : 1.19.0
INSTALLED plugins/blueocean-pipeline-editor.jpi : 1.19.0
INSTALLED plugins/blueocean-pipeline-scm-api.jpi : 1.19.0
INSTALLED plugins/blueocean-rest-impl.jpi : 1.19.0
INSTALLED plugins/blueocean-rest.jpi : 1.19.0
INSTALLED plugins/blueocean-web.jpi : 1.19.0
INSTALLED plugins/blueocean.jpi : 1.19.0
INSTALLED plugins/branch-api.jpi : 2.5.4
INSTALLED plugins/cloudbees-bitbucket-branch-source.jpi : 2.6.0
INSTALLED plugins/cloudbees-folder.jpi : 6.9
INSTALLED plugins/credentials-binding.jpi : 1.20
INSTALLED plugins/credentials.jpi : 2.3.0
INSTALLED plugins/display-url-api.jpi : 2.3.2
INSTALLED plugins/docker-commons.jpi : 1.15
INSTALLED plugins/docker-workflow.jpi : 1.21
INSTALLED plugins/durable-task.jpi : 1.33
INSTALLED plugins/favorite.jpi : 2.3.2
INSTALLED plugins/git-client.jpi : 3.0.0
INSTALLED plugins/git-server.jpi : 1.8
INSTALLED plugins/git.jpi : 4.0.0
INSTALLED plugins/github-api.jpi : 1.95
INSTALLED plugins/github-branch-source.jpi : 2.5.8
INSTALLED plugins/github.jpi : 1.29.5
INSTALLED plugins/handy-uri-templates-2-api.jpi : 2.1.8-1.0
INSTALLED plugins/htmlpublisher.jpi : 1.21
INSTALLED plugins/jackson2-api.jpi : 2.10.0
INSTALLED plugins/jenkins-design-language.jpi : 1.19.0
INSTALLED plugins/jira.jpi : 3.0.10
INSTALLED plugins/jquery-detached.jpi : 1.2.1
INSTALLED plugins/jsch.jpi : 0.1.55.1
INSTALLED plugins/junit.jpi : 1.28
INSTALLED plugins/mailer.jpi : 1.29
INSTALLED plugins/matrix-auth.jpi : 2.5
INSTALLED plugins/matrix-project.jpi : 1.14
INSTALLED plugins/mercurial.jpi : 2.8
INSTALLED plugins/pipeline-build-step.jpi : 2.9
INSTALLED plugins/pipeline-graph-analysis.jpi : 1.10
INSTALLED plugins/pipeline-input-step.jpi : 2.11
INSTALLED plugins/pipeline-milestone-step.jpi : 1.3.1
INSTALLED plugins/pipeline-model-api.jpi : 1.4.0
INSTALLED plugins/pipeline-model-declarative-agent.jpi : 1.1.1
INSTALLED plugins/pipeline-model-definition.jpi : 1.4.0
INSTALLED plugins/pipeline-model-extensions.jpi : 1.4.0
INSTALLED plugins/pipeline-stage-step.jpi : 2.3
INSTALLED plugins/pipeline-stage-tags-metadata.jpi : 1.4.0
INSTALLED plugins/plain-credentials.jpi : 1.5
INSTALLED plugins/pubsub-light.jpi : 1.13
INSTALLED plugins/scm-api.jpi : 2.6.3
INSTALLED plugins/script-security.jpi : 1.66
INSTALLED plugins/sse-gateway.jpi : 1.20
INSTALLED plugins/ssh-credentials.jpi : 1.18
INSTALLED plugins/structs.jpi : 1.20
INSTALLED plugins/token-macro.jpi : 2.10
INSTALLED plugins/trilead-api.jpi : 1.0.5
INSTALLED plugins/variant.jpi : 1.3
INSTALLED plugins/workflow-api.jpi : 2.37
INSTALLED plugins/workflow-basic-steps.jpi : 2.18
INSTALLED plugins/workflow-cps-global-lib.jpi : 2.15
INSTALLED plugins/workflow-cps.jpi : 2.75
INSTALLED plugins/workflow-durable-task-step.jpi : 2.35
INSTALLED plugins/workflow-job.jpi : 2.36
INSTALLED plugins/workflow-multibranch.jpi : 2.21
INSTALLED plugins/workflow-scm-step.jpi : 2.9
INSTALLED plugins/workflow-step-api.jpi : 2.20
INSTALLED plugins/workflow-support.jpi : 3.3
--- Copying files at Wed Nov 13 11:29:57 UTC 2019
--- Copying files at Wed Nov 13 12:57:39 UTC 2019
--- Copying files at Wed Nov 13 14:50:47 UTC 2019
SKIPPED plugins/workflow-cps.jpi : Installed version (2.76) has been manually upgraded from initial version (2.75)
--- Copying files at Wed Nov 13 15:00:00 UTC 2019
SKIPPED plugins/workflow-cps.jpi : Installed version (2.76) has been manually upgraded from initial version (2.75)
--- Copying files at Wed Nov 13 15:07:54 UTC 2019
SKIPPED plugins/workflow-cps.jpi : Installed version (2.76) has been manually upgraded from initial version (2.75)
--- Copying files at Thu Nov 14 03:39:55 UTC 2019
SKIPPED plugins/workflow-cps.jpi : Installed version (2.76) has been manually upgraded from initial version (2.75)
--- Copying files at Thu Nov 14 03:44:52 UTC 2019
SKIPPED plugins/workflow-cps.jpi : Installed version (2.76) has been manually upgraded from initial version (2.75)
--- Copying files at Thu Nov 14 08:35:34 UTC 2019
SKIPPED plugins/workflow-cps.jpi : Installed version (2.76) has been manually upgraded from initial version (2.75)
--- Copying files at Thu Nov 14 08:36:52 UTC 2019
SKIPPED plugins/workflow-cps.jpi : Installed version (2.76) has been manually upgraded from initial version (2.75)
--- Copying files at Thu Nov 14 08:40:00 UTC 2019
SKIPPED plugins/workflow-cps.jpi : Installed version (2.76) has been manually upgraded from initial version (2.75)
--- Copying files at Mon Nov 18 00:27:59 UTC 2019
SKIPPED plugins/workflow-cps.jpi : Installed version (2.76) has been manually upgraded from initial version (2.75)
--- Copying files at Mon Nov 18 01:26:36 UTC 2019
SKIPPED plugins/workflow-cps.jpi : Installed version (2.76) has been manually upgraded from initial version (2.75)
--- Copying files at Mon Nov 18 01:33:40 UTC 2019
SKIPPED plugins/workflow-cps.jpi : Installed version (2.76) has been manually upgraded from initial version (2.75)
--- Copying files at Mon Nov 18 01:34:28 UTC 2019
SKIPPED plugins/workflow-cps.jpi : Installed version (2.76) has been manually upgraded from initial version (2.75)
--- Copying files at Mon Nov 18 08:48:51 UTC 2019
SKIPPED plugins/workflow-cps.jpi : Installed version (2.76) has been manually upgraded from initial version (2.75)
--- Copying files at Mon Nov 18 09:43:08 UTC 2019
SKIPPED plugins/workflow-cps.jpi : Installed version (2.76) has been manually upgraded from initial version (2.75)
--- Copying files at Tue Nov 19 00:47:24 UTC 2019
SKIPPED plugins/workflow-cps.jpi : Installed version (2.76) has been manually upgraded from initial version (2.75)
--- Copying files at Tue Nov 19 00:50:13 UTC 2019
SKIPPED plugins/workflow-cps.jpi : Installed version (2.76) has been manually upgraded from initial version (2.75)
--- Copying files at Tue Nov 19 00:51:08 UTC 2019
SKIPPED plugins/workflow-cps.jpi : Installed version (2.76) has been manually upgraded from initial version (2.75)
--- Copying files at Tue Nov 19 07:21:56 UTC 2019
SKIPPED plugins/workflow-cps.jpi : Installed version (2.76) has been manually upgraded from initial version (2.75)
